C:\USERS\JS\DOCUMENTS\VISUAL STUDIO 2010\PROJECTS\CHAT_CLIENT\DEBUG\CCHATLOGDLG.OBJ
C:\USERS\JS\DOCUMENTS\VISUAL STUDIO 2010\PROJECTS\CHAT_CLIENT\DEBUG\CCREATEROOMDLG.OBJ
C:\USERS\JS\DOCUMENTS\VISUAL STUDIO 2010\PROJECTS\CHAT_CLIENT\DEBUG\CHAT_CLIENT.EXE.EMBED.MANIFEST
C:\USERS\JS\DOCUMENTS\VISUAL STUDIO 2010\PROJECTS\CHAT_CLIENT\DEBUG\CHAT_CLIENT.EXE.EMBED.MANIFEST.RES
C:\USERS\JS\DOCUMENTS\VISUAL STUDIO 2010\PROJECTS\CHAT_CLIENT\DEBUG\CHAT_CLIENT.EXE.INTERMEDIATE.MANIFEST
C:\USERS\JS\DOCUMENTS\VISUAL STUDIO 2010\PROJECTS\CHAT_CLIENT\DEBUG\CHAT_CLIENT.OBJ
C:\USERS\JS\DOCUMENTS\VISUAL STUDIO 2010\PROJECTS\CHAT_CLIENT\DEBUG\CHAT_CLIENT.PCH
C:\USERS\JS\DOCUMENTS\VISUAL STUDIO 2010\PROJECTS\CHAT_CLIENT\DEBUG\CHAT_CLIENT.RES
C:\Users\JS\documents\visual studio 2010\Projects\chat_client\Debug\chat_client_manifest.rc
C:\USERS\JS\DOCUMENTS\VISUAL STUDIO 2010\PROJECTS\CHAT_CLIENT\DEBUG\CHAT_CLIENTDOC.OBJ
C:\USERS\JS\DOCUMENTS\VISUAL STUDIO 2010\PROJECTS\CHAT_CLIENT\DEBUG\CHAT_CLIENTVIEW.OBJ
C:\USERS\JS\DOCUMENTS\VISUAL STUDIO 2010\PROJECTS\CHAT_CLIENT\DEBUG\CHATROOMDLG.OBJ
C:\Users\JS\documents\visual studio 2010\Projects\chat_client\Debug\cl.command.1.tlog
C:\Users\JS\documents\visual studio 2010\Projects\chat_client\Debug\CL.read.1.tlog
C:\Users\JS\documents\visual studio 2010\Projects\chat_client\Debug\CL.write.1.tlog
C:\USERS\JS\DOCUMENTS\VISUAL STUDIO 2010\PROJECTS\CHAT_CLIENT\DEBUG\GETIPDLG.OBJ
C:\USERS\JS\DOCUMENTS\VISUAL STUDIO 2010\PROJECTS\CHAT_CLIENT\DEBUG\JOINDLG.OBJ
C:\Users\JS\documents\visual studio 2010\Projects\chat_client\Debug\link.command.1.tlog
C:\Users\JS\documents\visual studio 2010\Projects\chat_client\Debug\link.read.1.tlog
C:\Users\JS\documents\visual studio 2010\Projects\chat_client\Debug\link.read.2.tlog
C:\Users\JS\documents\visual studio 2010\Projects\chat_client\Debug\link.write.1.tlog
C:\Users\JS\documents\visual studio 2010\Projects\chat_client\Debug\link-cvtres.read.1.tlog
C:\Users\JS\documents\visual studio 2010\Projects\chat_client\Debug\link-cvtres.write.1.tlog
C:\USERS\JS\DOCUMENTS\VISUAL STUDIO 2010\PROJECTS\CHAT_CLIENT\DEBUG\LOGINAUTHDLG.OBJ
C:\USERS\JS\DOCUMENTS\VISUAL STUDIO 2010\PROJECTS\CHAT_CLIENT\DEBUG\LOGINDLG.OBJ
C:\USERS\JS\DOCUMENTS\VISUAL STUDIO 2010\PROJECTS\CHAT_CLIENT\DEBUG\MAINFRM.OBJ
C:\Users\JS\documents\visual studio 2010\Projects\chat_client\Debug\mt.command.1.tlog
C:\Users\JS\documents\visual studio 2010\Projects\chat_client\Debug\mt.read.1.tlog
C:\Users\JS\documents\visual studio 2010\Projects\chat_client\Debug\mt.write.1.tlog
C:\Users\JS\documents\visual studio 2010\Projects\chat_client\Debug\rc.command.1.tlog
C:\Users\JS\documents\visual studio 2010\Projects\chat_client\Debug\rc.read.1.tlog
C:\Users\JS\documents\visual studio 2010\Projects\chat_client\Debug\rc.write.1.tlog
C:\USERS\JS\DOCUMENTS\VISUAL STUDIO 2010\PROJECTS\CHAT_CLIENT\DEBUG\STDAFX.OBJ
C:\Users\JS\documents\visual studio 2010\Projects\chat_client\Debug\vc100.idb
C:\USERS\JS\DOCUMENTS\VISUAL STUDIO 2010\PROJECTS\CHAT_CLIENT\DEBUG\VC100.PDB
C:\USERS\JS\DOCUMENTS\VISUAL STUDIO 2010\PROJECTS\CHAT_SERVER\DEBUG\CHAT_CLIENT.EXE
C:\USERS\JS\DOCUMENTS\VISUAL STUDIO 2010\PROJECTS\CHAT_SERVER\DEBUG\CHAT_CLIENT.ILK
C:\USERS\JS\DOCUMENTS\VISUAL STUDIO 2010\PROJECTS\CHAT_SERVER\DEBUG\CHAT_CLIENT.PDB
