C:\USERS\JS\DOCUMENTS\VISUAL STUDIO 2010\PROJECTS\CHAT_SERVER\DEBUG\CHAT_SERVER.EXE
C:\USERS\JS\DOCUMENTS\VISUAL STUDIO 2010\PROJECTS\CHAT_SERVER\DEBUG\CHAT_SERVER.EXE.EMBED.MANIFEST
C:\USERS\JS\DOCUMENTS\VISUAL STUDIO 2010\PROJECTS\CHAT_SERVER\DEBUG\CHAT_SERVER.EXE.EMBED.MANIFEST.RES
C:\USERS\JS\DOCUMENTS\VISUAL STUDIO 2010\PROJECTS\CHAT_SERVER\DEBUG\CHAT_SERVER.EXE.INTERMEDIATE.MANIFEST
C:\USERS\JS\DOCUMENTS\VISUAL STUDIO 2010\PROJECTS\CHAT_SERVER\DEBUG\CHAT_SERVER.ILK
C:\USERS\JS\DOCUMENTS\VISUAL STUDIO 2010\PROJECTS\CHAT_SERVER\DEBUG\CHAT_SERVER.OBJ
C:\USERS\JS\DOCUMENTS\VISUAL STUDIO 2010\PROJECTS\CHAT_SERVER\DEBUG\CHAT_SERVER.PCH
C:\USERS\JS\DOCUMENTS\VISUAL STUDIO 2010\PROJECTS\CHAT_SERVER\DEBUG\CHAT_SERVER.PDB
C:\USERS\JS\DOCUMENTS\VISUAL STUDIO 2010\PROJECTS\CHAT_SERVER\DEBUG\CHAT_SERVER.RES
C:\Users\JS\documents\visual studio 2010\Projects\chat_server\Debug\chat_server_manifest.rc
C:\USERS\JS\DOCUMENTS\VISUAL STUDIO 2010\PROJECTS\CHAT_SERVER\DEBUG\CHAT_SERVERDOC.OBJ
C:\USERS\JS\DOCUMENTS\VISUAL STUDIO 2010\PROJECTS\CHAT_SERVER\DEBUG\CHAT_SERVERVIEW.OBJ
C:\Users\JS\documents\visual studio 2010\Projects\chat_server\Debug\cl.command.1.tlog
C:\Users\JS\documents\visual studio 2010\Projects\chat_server\Debug\CL.read.1.tlog
C:\Users\JS\documents\visual studio 2010\Projects\chat_server\Debug\CL.write.1.tlog
C:\USERS\JS\DOCUMENTS\VISUAL STUDIO 2010\PROJECTS\CHAT_SERVER\DEBUG\CODBC.OBJ
C:\Users\JS\documents\visual studio 2010\Projects\chat_server\Debug\link.command.1.tlog
C:\Users\JS\documents\visual studio 2010\Projects\chat_server\Debug\link.read.1.tlog
C:\Users\JS\documents\visual studio 2010\Projects\chat_server\Debug\link.write.1.tlog
C:\Users\JS\documents\visual studio 2010\Projects\chat_server\Debug\link-cvtres.read.1.tlog
C:\Users\JS\documents\visual studio 2010\Projects\chat_server\Debug\link-cvtres.write.1.tlog
C:\USERS\JS\DOCUMENTS\VISUAL STUDIO 2010\PROJECTS\CHAT_SERVER\DEBUG\MAINFRM.OBJ
C:\Users\JS\documents\visual studio 2010\Projects\chat_server\Debug\mt.command.1.tlog
C:\Users\JS\documents\visual studio 2010\Projects\chat_server\Debug\mt.read.1.tlog
C:\Users\JS\documents\visual studio 2010\Projects\chat_server\Debug\mt.write.1.tlog
C:\Users\JS\documents\visual studio 2010\Projects\chat_server\Debug\rc.command.1.tlog
C:\Users\JS\documents\visual studio 2010\Projects\chat_server\Debug\rc.read.1.tlog
C:\Users\JS\documents\visual studio 2010\Projects\chat_server\Debug\rc.write.1.tlog
C:\USERS\JS\DOCUMENTS\VISUAL STUDIO 2010\PROJECTS\CHAT_SERVER\DEBUG\ROOM.OBJ
C:\USERS\JS\DOCUMENTS\VISUAL STUDIO 2010\PROJECTS\CHAT_SERVER\DEBUG\STDAFX.OBJ
C:\Users\JS\documents\visual studio 2010\Projects\chat_server\Debug\vc100.idb
C:\USERS\JS\DOCUMENTS\VISUAL STUDIO 2010\PROJECTS\CHAT_SERVER\DEBUG\VC100.PDB
